Adding in variants from internal_defaults
INFO:conda_build.variants:Adding in variants from internal_defaults
Adding in variants from /Users/cbousseau/work/recipes/aggregate2/conda_build_config.yaml
INFO:conda_build.variants:Adding in variants from /Users/cbousseau/work/recipes/aggregate2/conda_build_config.yaml
Adding in variants from /Users/cbousseau/work/recipes/wip/pyzmq-feedstock/recipe/conda_build_config.yaml
INFO:conda_build.variants:Adding in variants from /Users/cbousseau/work/recipes/wip/pyzmq-feedstock/recipe/conda_build_config.yaml
Adding in variants from config.variant
INFO:conda_build.variants:Adding in variants from config.variant
Attempting to finalize metadata for pyzmq
INFO:conda_build.metadata:Attempting to finalize metadata for pyzmq
Channels:
 - file:///Users/cbousseau/work/croots/pyzmq-feedstock
 - defaults
 - https://repo.anaconda.com/pkgs/msys2
Platform: osx-arm64
Collecting package metadata (repodata.json): ...working... done
Solving environment: ...working... done
Channels:
 - file:///Users/cbousseau/work/croots/pyzmq-feedstock
 - defaults
Platform: osx-arm64
Collecting package metadata (repodata.json): ...working... done
Solving environment: ...working... done
Channels:
 - file:///Users/cbousseau/work/croots/pyzmq-feedstock
 - defaults
Platform: osx-arm64
Collecting package metadata (repodata.json): ...working... done
Solving environment: ...working... done
BUILD START: ['pyzmq-24.0.1-py312h80987f9_0.tar.bz2']
Channels:
 - file:///Users/cbousseau/work/croots/pyzmq-feedstock
 - defaults
Platform: osx-arm64
Collecting package metadata (repodata.json): ...working... done
Solving environment: ...working... done

## Package Plan ##

  environment location: /Users/cbousseau/work/croots/pyzmq-feedstock/pyzmq_1709304080603/_h_env_placehold_placehold_placehold_placehold_placehold_placehold_placehold_placehold_placehold_placehold_placehold_placehold_placehold_placehold_placehold_placehold_placehold_placehold_pla


The following NEW packages will be INSTALLED:

    bzip2:           1.0.8-h80987f9_5       
    ca-certificates: 2023.12.12-hca03da5_0  
    cython:          0.29.36-py312h80987f9_0
    expat:           2.5.0-h313beb8_0       
    libcxx:          14.0.6-h848a8c0_0      
    libffi:          3.4.4-hca03da5_0       
    libsodium:       1.0.18-h1a28f6b_0      
    ncurses:         6.4-h313beb8_0         
    openssl:         3.0.13-h1a28f6b_0      
    packaging:       23.1-py312hca03da5_0   
    pip:             23.3.1-py312hca03da5_0 
    python:          3.12.2-h99e199e_0      
    readline:        8.2-h1a28f6b_0         
    setuptools:      68.2.2-py312hca03da5_0 
    sqlite:          3.41.2-h80987f9_0      
    tk:              8.6.12-hb8d0fd4_0      
    tzdata:          2024a-h04d1e81_0       
    wheel:           0.41.2-py312hca03da5_0 
    xz:              5.4.6-h80987f9_0       
    zeromq:          4.3.5-h313beb8_0       
    zlib:            1.2.13-h5a0b063_0      

Preparing transaction: ...working... done
Verifying transaction: ...working... 